Running SLURM prolog script on gold51.cluster.local
===============================================================================
Job started on Sat Sep 27 05:53:41 BST 2025
Job ID          : 7780288
Job name        : pytorch_job
WorkDir         : /mainfs/home/tvtn1c23/Motion_Diffusion/datasets
Command         : /mainfs/home/tvtn1c23/preprocess.slurm
Partition       : serial
Num hosts       : 1
Num cores       : 8
Num of tasks    : 1
Hosts allocated : gold51
Job Output Follows ...
===============================================================================
doanh
==============================================================================
Running epilogue script on gold51.

Submit time  : 2025-09-27T05:52:52
Start time   : 2025-09-27T05:53:41
End time     : 2025-09-27T05:54:10
Elapsed time : 00:00:29 (Timelimit=1-12:00:00)

Job ID: 7780288
Cluster: i5
User/Group: tvtn1c23/fp
State: COMPLETED (exit code 0)
Nodes: 1
Cores per node: 8
CPU Utilized: 00:00:06
CPU Efficiency: 2.59% of 00:03:52 core-walltime
Job Wall-clock time: 00:00:29
Memory Utilized: 2.26 MB
Memory Efficiency: 0.00% of 150.00 GB

