Running SLURM prolog script on gold51.cluster.local
===============================================================================
Job started on Sat Sep 27 09:56:42 BST 2025
Job ID          : 7780411
Job name        : pytorch_job
WorkDir         : /mainfs/home/tvtn1c23/Motion_Diffusion/datasets
Command         : /mainfs/home/tvtn1c23/preprocess.slurm
Partition       : serial
Num hosts       : 1
Num cores       : 8
Num of tasks    : 1
Hosts allocated : gold51
Job Output Follows ...
===============================================================================
doanh
precess
doanh
==============================================================================
Running epilogue script on gold51.

Submit time  : 2025-09-27T09:56:11
Start time   : 2025-09-27T09:56:42
End time     : 2025-09-27T09:57:08
Elapsed time : 00:00:26 (Timelimit=1-12:00:00)

Job ID: 7780411
Cluster: i5
User/Group: tvtn1c23/fp
State: COMPLETED (exit code 0)
Nodes: 1
Cores per node: 8
CPU Utilized: 00:00:06
CPU Efficiency: 2.88% of 00:03:28 core-walltime
Job Wall-clock time: 00:00:26
Memory Utilized: 2.27 MB
Memory Efficiency: 0.00% of 150.00 GB

